<providers>
    <provider class-name="com.enonic.labs.dav.WebdavFileProvider">
        <scheme name="webdav"/>
    </provider>
    <default-provider class-name="org.apache.commons.vfs.provider.url.UrlFileProvider"/>
</providers>
